  VisualGDB: Sending 23 updated source files to build machine...
  VisualGDB: Run "cmake -G "Unix Makefiles" -DCMAKE_BUILD_TYPE=DEBUG -DCMAKE_COLOR_MAKEFILE=OFF .." in directory "/home/debian/visualgdb/c/Users/user/Source/Repos/BBB-MPU6050-Library/BBBMPU6050/Debug" on root@192.168.0.5 (SSH)
  -- The C compiler identification is GNU 4.6.3
  -- The CXX compiler identification is GNU 4.6.3
  -- Check for working C compiler: /usr/bin/gcc
  -- Check for working C compiler: /usr/bin/gcc -- works
  -- Detecting C compiler ABI info
  -- Detecting C compiler ABI info - done
  -- Check for working CXX compiler: /usr/bin/c++
  -- Check for working CXX compiler: /usr/bin/c++ -- works
  -- Detecting CXX compiler ABI info
  -- Detecting CXX compiler ABI info - done
  -- Configuring done
  -- Generating done
  -- Build files have been written to: /home/debian/visualgdb/c/Users/user/Source/Repos/BBB-MPU6050-Library/BBBMPU6050/Debug
VisualGDB : warning : Failed to fetch compiler argument database file (/home/debian/visualgdb/c/Users/user/Source/Repos/BBB-MPU6050-Library/BBBMPU6050/Debug/compile_commands.json). IntelliSense setup won't be precise.
  VisualGDB: Run "make " in directory "/home/debian/visualgdb/c/Users/user/Source/Repos/BBB-MPU6050-Library/BBBMPU6050/Debug" on root@192.168.0.5 (SSH)
  Scanning dependencies of target BBBMPU6050
  [ 14%] Building CXX object CMakeFiles/BBBMPU6050.dir/BBBMPU6050.cpp.o
  [ 28%] Building CXX object CMakeFiles/BBBMPU6050.dir/DataRef.cpp.o
  [ 42%] Building CXX object CMakeFiles/BBBMPU6050.dir/Digital.cpp.o
  [ 57%] Building CXX object CMakeFiles/BBBMPU6050.dir/DMP-processing.cpp.o
  [ 71%] Building CXX object CMakeFiles/BBBMPU6050.dir/I2cPort.cpp.o
  [ 85%] Building CXX object CMakeFiles/BBBMPU6050.dir/Ihandler.cpp.o
  [100%] Building CXX object CMakeFiles/BBBMPU6050.dir/MPU6050.cpp.o
  Linking CXX executable BBBMPU6050
  [100%] Built target BBBMPU6050
